2021-09-07 11:09:12 INFO  Loop Output:8 - %2021-09-07 11:09:12 INFO  Loop Output:13 - %2021-09-07 11:09:12 INFO  Loop Output:13 - %2021-09-07 11:09:12 INFO  Loop Output:13 - %2021-09-07 11:09:12 INFO  Loop Output:13 - %2021-09-07 11:09:12 INFO  Loop Output:13 - %2021-09-07 11:09:12 INFO  Loop Output:13 - %2021-09-07 11:09:12 INFO  Loop Output:13 - %2021-09-07 11:09:12 INFO  Loop Output:13 - %2021-09-07 11:09:12 INFO  Loop Output:13 - %2021-09-07 11:09:12 INFO  Loop Output:13 - %2021-09-07 11:09:12 INFO  Loop Output:13 - %2021-09-07 11:09:12 INFO  Loop Output:16 - %2021-09-07 11:09:35 INFO  Loop Output:8 - %2021-09-07 11:09:35 INFO  Loop Output:13 - %2021-09-07 11:09:35 INFO  Loop Output:13 - %2021-09-07 11:09:35 INFO  Loop Output:13 - %2021-09-07 11:09:35 INFO  Loop Output:13 - %2021-09-07 11:09:35 INFO  Loop Output:13 - %2021-09-07 11:09:35 INFO  Loop Output:13 - %2021-09-07 11:09:35 INFO  Loop Output:13 - %2021-09-07 11:09:35 INFO  Loop Output:13 - %2021-09-07 11:09:35 INFO  Loop Output:13 - %2021-09-07 11:09:35 INFO  Loop Output:13 - %2021-09-07 11:09:35 INFO  Loop Output:13 - %2021-09-07 11:09:35 INFO  Loop Output:16 - %2021-09-07 11:12:05 INFO  Loop Output:8 - %2021-09-07 11:12:05 INFO  Loop Output:13 - %2021-09-07 11:12:05 INFO  Loop Output:13 - %2021-09-07 11:12:05 INFO  Loop Output:13 - %2021-09-07 11:12:05 INFO  Loop Output:13 - %2021-09-07 11:12:05 INFO  Loop Output:13 - %2021-09-07 11:12:05 INFO  Loop Output:13 - %2021-09-07 11:12:05 INFO  Loop Output:13 - %2021-09-07 11:12:05 INFO  Loop Output:13 - %2021-09-07 11:12:05 INFO  Loop Output:13 - %2021-09-07 11:12:05 INFO  Loop Output:13 - %2021-09-07 11:12:05 INFO  Loop Output:13 - %2021-09-07 11:12:05 INFO  Loop Output:16 - %2021-09-07 11:16:10 INFO  Loop Output:8 - %2021-09-07 11:16:10 INFO  Loop Output:14 - %2021-09-07 11:16:10 INFO  Loop Output:14 - %2021-09-07 11:16:10 INFO  Loop Output:14 - %2021-09-07 11:16:10 INFO  Loop Output:14 - %2021-09-07 11:16:10 INFO  Loop Output:14 - %2021-09-07 11:16:10 INFO  Loop Output:14 - %2021-09-07 11:16:10 INFO  Loop Output:14 - %2021-09-07 11:16:10 INFO  Loop Output:14 - %2021-09-07 11:16:10 INFO  Loop Output:14 - %2021-09-07 11:16:10 INFO  Loop Output:14 - %2021-09-07 11:16:10 INFO  Loop Output:14 - %2021-09-07 11:16:10 INFO  Loop Output:17 - %2021-09-07 11:18:00 INFO  Loop Output:8 - For Loop output starts here ...
2021-09-07 11:18:00 INFO  Loop Output:14 - The Even Number :20
2021-09-07 11:18:00 INFO  Loop Output:14 - The Even Number :22
2021-09-07 11:18:00 INFO  Loop Output:14 - The Even Number :24
+2021-09-07 11:18:00 INFO  Loop Output:14 - The Even Number :26
2021-09-07 11:18:00 INFO  Loop Output:14 - The Even Number :28
2021-09-07 11:18:00 INFO  Loop Output:14 - The Even Number :30
2021-09-07 11:18:00 INFO  Loop Output:14 - The Even Number :32
2021-09-07 11:18:00 INFO  Loop Output:14 - The Even Number :34
2021-09-07 11:18:00 INFO  Loop Output:14 - The Even Number :36
2021-09-07 11:18:00 INFO  Loop Output:14 - The Even Number :38
2021-09-07 11:18:00 INFO  Loop Output:14 - The Even Number :40
2021-09-07 11:18:00 INFO  Loop Output:17 - For Loop output ends here ...
2021-09-16 19:30:44 INFO  LoginLogoutDemo:24 - launchbrowser
2021-09-16 19:30:57 INFO  LoginLogoutDemo:41 - navigation method
2021-09-16 19:31:02 INFO  LoginLogoutDemo:57 - login method
2021-09-16 19:31:03 INFO  LoginLogoutDemo:64 - logout method
2021-09-16 19:31:12 INFO  LoginLogoutDemo:57 - login method
2021-09-16 19:31:13 INFO  LoginLogoutDemo:64 - logout method
2021-09-16 19:31:22 INFO  LoginLogoutDemo:57 - login method
2021-09-16 19:31:23 INFO  LoginLogoutDemo:64 - logout method
2021-09-16 19:31:27 INFO  LoginLogoutDemo:77 - CloseApplication method
2021-09-16 19:36:10 INFO  LoginLogoutDemo:24 - launchbrowser
2021-09-16 19:36:21 INFO  LoginLogoutDemo:41 - navigation method
2021-09-16 19:36:26 INFO  LoginLogoutDemo:57 - login method
2021-09-16 19:36:29 INFO  LoginLogoutDemo:64 - logout method
2021-09-16 19:36:38 INFO  LoginLogoutDemo:57 - login method
2021-09-16 19:36:39 INFO  LoginLogoutDemo:64 - logout method
2021-09-16 19:36:47 INFO  LoginLogoutDemo:57 - login method
2021-09-16 19:36:48 INFO  LoginLogoutDemo:64 - logout method
2021-09-16 19:36:52 INFO  LoginLogoutDemo:77 - CloseApplication method
2021-09-16 21:17:25 INFO  LoginLogoutDemo:24 - launchbrowser
2021-09-16 21:17:36 INFO  LoginLogoutDemo:41 - navigation method
2021-09-16 21:17:41 INFO  LoginLogoutDemo:57 - login method
2021-09-16 21:17:43 INFO  LoginLogoutDemo:64 - logout method
2021-09-16 21:17:51 INFO  LoginLogoutDemo:57 - login method
2021-09-16 21:17:52 INFO  LoginLogoutDemo:64 - logout method
2021-09-16 21:18:01 INFO  LoginLogoutDemo:57 - login method
2021-09-16 21:18:02 INFO  LoginLogoutDemo:64 - logout method
2021-09-16 21:18:06 INFO  LoginLogoutDemo:77 - CloseApplication method
